04-Feb-2025 08:40:00.553 INFO [localhost-startStop-3] org.apache.catalina.core.ApplicationContext.log SessionListener: contextDestroyed()
04-Feb-2025 08:40:00.553 INFO [localhost-startStop-3] org.apache.catalina.core.ApplicationContext.log ContextListener: contextDestroyed()
04-Feb-2025 08:40:05.400 INFO [localhost-startStop-1] org.apache.catalina.core.ApplicationContext.log ContextListener: contextInitialized()
04-Feb-2025 08:40:05.400 INFO [localhost-startStop-1] org.apache.catalina.core.ApplicationContext.log SessionListener: contextInitialized()
04-Feb-2025 08:41:21.571 INFO [localhost-startStop-2] org.apache.catalina.core.ApplicationContext.log SessionListener: contextDestroyed()
04-Feb-2025 08:41:21.571 INFO [localhost-startStop-2] org.apache.catalina.core.ApplicationContext.log ContextListener: contextDestroyed()
04-Feb-2025 08:41:25.641 INFO [localhost-startStop-1] org.apache.catalina.core.ApplicationContext.log ContextListener: contextInitialized()
04-Feb-2025 08:41:25.641 INFO [localhost-startStop-1] org.apache.catalina.core.ApplicationContext.log SessionListener: contextInitialized()
04-Feb-2025 08:44:24.557 INFO [localhost-startStop-2] org.apache.catalina.core.ApplicationContext.log SessionListener: contextDestroyed()
04-Feb-2025 08:44:24.557 INFO [localhost-startStop-2] org.apache.catalina.core.ApplicationContext.log ContextListener: contextDestroyed()
04-Feb-2025 08:44:29.130 INFO [localhost-startStop-1] org.apache.catalina.core.ApplicationContext.log ContextListener: contextInitialized()
04-Feb-2025 08:44:29.130 INFO [localhost-startStop-1] org.apache.catalina.core.ApplicationContext.log SessionListener: contextInitialized()
04-Feb-2025 08:44:29.706 SEVERE [ajp-nio-172.18.57.102-8011-exec-1] org.apache.catalina.core.StandardWrapperValve.invoke Servlet.service() for servlet [jsp] in context with path [] threw exception [Unable to compile class for JSP: 

An error occurred at line: [19] in the jsp file: [/test.jsp]
System.out cannot be resolved to a type
16:         Statement stmt = conn.createStatement();
17:         
18:         ResultSet rs = stmt.executeQuery("SELECT NOW() AS current_time");
19:         System.out.prrintln("현재 시간 변수담기")
20: 
21:         while (rs.next()) {
22:             out.println("<p>현재 시간: " + rs.getString("current_time") + "</p>");


An error occurred at line: [19] in the jsp file: [/test.jsp]
Syntax error, insert ";" to complete Statement
16:         Statement stmt = conn.createStatement();
17:         
18:         ResultSet rs = stmt.executeQuery("SELECT NOW() AS current_time");
19:         System.out.prrintln("현재 시간 변수담기")
20: 
21:         while (rs.next()) {
22:             out.println("<p>현재 시간: " + rs.getString("current_time") + "</p>");


Stacktrace:] with root cause
 org.apache.jasper.JasperException: Unable to compile class for JSP: 

An error occurred at line: [19] in the jsp file: [/test.jsp]
System.out cannot be resolved to a type
16:         Statement stmt = conn.createStatement();
17:         
18:         ResultSet rs = stmt.executeQuery("SELECT NOW() AS current_time");
19:         System.out.prrintln("현재 시간 변수담기")
20: 
21:         while (rs.next()) {
22:             out.println("<p>현재 시간: " + rs.getString("current_time") + "</p>");


An error occurred at line: [19] in the jsp file: [/test.jsp]
Syntax error, insert ";" to complete Statement
16:         Statement stmt = conn.createStatement();
17:         
18:         ResultSet rs = stmt.executeQuery("SELECT NOW() AS current_time");
19:         System.out.prrintln("현재 시간 변수담기")
20: 
21:         while (rs.next()) {
22:             out.println("<p>현재 시간: " + rs.getString("current_time") + "</p>");


Stacktrace:
	at org.apache.jasper.compiler.DefaultErrorHandler.javacError(DefaultErrorHandler.java:102)
	at org.apache.jasper.compiler.ErrorDispatcher.javacError(ErrorDispatcher.java:212)
	at org.apache.jasper.compiler.JDTCompiler.generateClass(JDTCompiler.java:457)
	at org.apache.jasper.compiler.Compiler.compile(Compiler.java:379)
	at org.apache.jasper.compiler.Compiler.compile(Compiler.java:351)
	at org.apache.jasper.compiler.Compiler.compile(Compiler.java:335)
	at org.apache.jasper.JspCompilationContext.compile(JspCompilationContext.java:595)
	at org.apache.jasper.servlet.JspServletWrapper.service(JspServletWrapper.java:368)
	at org.apache.jasper.servlet.JspServlet.serviceJspFile(JspServlet.java:386)
	at org.apache.jasper.servlet.JspServlet.service(JspServlet.java:330)
	at javax.servlet.http.HttpServlet.service(HttpServlet.java:742)
	at org.apache.catalina.core.ApplicationFilterChain.internalDoFilter(ApplicationFilterChain.java:231)
	at org.apache.catalina.core.ApplicationFilterChain.doFilter(ApplicationFilterChain.java:166)
	at org.apache.tomcat.websocket.server.WsFilter.doFilter(WsFilter.java:52)
	at org.apache.catalina.core.ApplicationFilterChain.internalDoFilter(ApplicationFilterChain.java:193)
	at org.apache.catalina.core.ApplicationFilterChain.doFilter(ApplicationFilterChain.java:166)
	at org.apache.catalina.core.StandardWrapperValve.invoke(StandardWrapperValve.java:198)
	at org.apache.catalina.core.StandardContextValve.invoke(StandardContextValve.java:96)
	at org.apache.catalina.core.StandardHostValve.invoke(StandardHostValve.java:140)
	at org.apache.catalina.valves.ErrorReportValve.invoke(ErrorReportValve.java:81)
	at org.apache.catalina.valves.AbstractAccessLogValve.invoke(AbstractAccessLogValve.java:650)
	at org.apache.catalina.core.StandardEngineValve.invoke(StandardEngineValve.java:87)
	at org.apache.catalina.ha.session.JvmRouteBinderValve.invoke(JvmRouteBinderValve.java:193)
	at org.apache.catalina.ha.tcp.ReplicationValve.invoke(ReplicationValve.java:322)
	at org.apache.catalina.connector.CoyoteAdapter.service(CoyoteAdapter.java:342)
	at org.apache.coyote.ajp.AjpProcessor.service(AjpProcessor.java:486)
	at org.apache.coyote.AbstractProcessorLight.process(AbstractProcessorLight.java:66)
	at org.apache.coyote.AbstractProtocol$ConnectionHandler.process(AbstractProtocol.java:790)
	at org.apache.tomcat.util.net.NioEndpoint$SocketProcessor.doRun(NioEndpoint.java:1459)
	at org.apache.tomcat.util.net.SocketProcessorBase.run(SocketProcessorBase.java:49)
	at java.base/java.util.concurrent.ThreadPoolExecutor.runWorker(ThreadPoolExecutor.java:1136)
	at java.base/java.util.concurrent.ThreadPoolExecutor$Worker.run(ThreadPoolExecutor.java:635)
	at org.apache.tomcat.util.threads.TaskThread$WrappingRunnable.run(TaskThread.java:61)
	at java.base/java.lang.Thread.run(Thread.java:842)

04-Feb-2025 08:44:54.209 INFO [localhost-startStop-2] org.apache.catalina.core.ApplicationContext.log SessionListener: contextDestroyed()
04-Feb-2025 08:44:54.210 INFO [localhost-startStop-2] org.apache.catalina.core.ApplicationContext.log ContextListener: contextDestroyed()
04-Feb-2025 08:44:58.436 INFO [localhost-startStop-1] org.apache.catalina.core.ApplicationContext.log ContextListener: contextInitialized()
04-Feb-2025 08:44:58.436 INFO [localhost-startStop-1] org.apache.catalina.core.ApplicationContext.log SessionListener: contextInitialized()
04-Feb-2025 08:44:58.903 SEVERE [ajp-nio-172.18.57.102-8011-exec-1] org.apache.catalina.core.StandardWrapperValve.invoke Servlet.service() for servlet [jsp] in context with path [] threw exception [Unable to compile class for JSP: 

An error occurred at line: [19] in the jsp file: [/test.jsp]
The method prrintln(String) is undefined for the type JspWriter
16:         Statement stmt = conn.createStatement();
17:         
18:         ResultSet rs = stmt.executeQuery("SELECT NOW() AS current_time");
19:         out.prrintln("현재 시간 변수담기")
20: 
21:         while (rs.next()) {
22:             out.println("<p>현재 시간: " + rs.getString("current_time") + "</p>");


An error occurred at line: [19] in the jsp file: [/test.jsp]
Syntax error, insert ";" to complete Statement
16:         Statement stmt = conn.createStatement();
17:         
18:         ResultSet rs = stmt.executeQuery("SELECT NOW() AS current_time");
19:         out.prrintln("현재 시간 변수담기")
20: 
21:         while (rs.next()) {
22:             out.println("<p>현재 시간: " + rs.getString("current_time") + "</p>");


Stacktrace:] with root cause
 org.apache.jasper.JasperException: Unable to compile class for JSP: 

An error occurred at line: [19] in the jsp file: [/test.jsp]
The method prrintln(String) is undefined for the type JspWriter
16:         Statement stmt = conn.createStatement();
17:         
18:         ResultSet rs = stmt.executeQuery("SELECT NOW() AS current_time");
19:         out.prrintln("현재 시간 변수담기")
20: 
21:         while (rs.next()) {
22:             out.println("<p>현재 시간: " + rs.getString("current_time") + "</p>");


An error occurred at line: [19] in the jsp file: [/test.jsp]
Syntax error, insert ";" to complete Statement
16:         Statement stmt = conn.createStatement();
17:         
18:         ResultSet rs = stmt.executeQuery("SELECT NOW() AS current_time");
19:         out.prrintln("현재 시간 변수담기")
20: 
21:         while (rs.next()) {
22:             out.println("<p>현재 시간: " + rs.getString("current_time") + "</p>");


Stacktrace:
	at org.apache.jasper.compiler.DefaultErrorHandler.javacError(DefaultErrorHandler.java:102)
	at org.apache.jasper.compiler.ErrorDispatcher.javacError(ErrorDispatcher.java:212)
	at org.apache.jasper.compiler.JDTCompiler.generateClass(JDTCompiler.java:457)
	at org.apache.jasper.compiler.Compiler.compile(Compiler.java:379)
	at org.apache.jasper.compiler.Compiler.compile(Compiler.java:351)
	at org.apache.jasper.compiler.Compiler.compile(Compiler.java:335)
	at org.apache.jasper.JspCompilationContext.compile(JspCompilationContext.java:595)
	at org.apache.jasper.servlet.JspServletWrapper.service(JspServletWrapper.java:368)
	at org.apache.jasper.servlet.JspServlet.serviceJspFile(JspServlet.java:386)
	at org.apache.jasper.servlet.JspServlet.service(JspServlet.java:330)
	at javax.servlet.http.HttpServlet.service(HttpServlet.java:742)
	at org.apache.catalina.core.ApplicationFilterChain.internalDoFilter(ApplicationFilterChain.java:231)
	at org.apache.catalina.core.ApplicationFilterChain.doFilter(ApplicationFilterChain.java:166)
	at org.apache.tomcat.websocket.server.WsFilter.doFilter(WsFilter.java:52)
	at org.apache.catalina.core.ApplicationFilterChain.internalDoFilter(ApplicationFilterChain.java:193)
	at org.apache.catalina.core.ApplicationFilterChain.doFilter(ApplicationFilterChain.java:166)
	at org.apache.catalina.core.StandardWrapperValve.invoke(StandardWrapperValve.java:198)
	at org.apache.catalina.core.StandardContextValve.invoke(StandardContextValve.java:96)
	at org.apache.catalina.core.StandardHostValve.invoke(StandardHostValve.java:140)
	at org.apache.catalina.valves.ErrorReportValve.invoke(ErrorReportValve.java:81)
	at org.apache.catalina.valves.AbstractAccessLogValve.invoke(AbstractAccessLogValve.java:650)
	at org.apache.catalina.core.StandardEngineValve.invoke(StandardEngineValve.java:87)
	at org.apache.catalina.ha.session.JvmRouteBinderValve.invoke(JvmRouteBinderValve.java:193)
	at org.apache.catalina.ha.tcp.ReplicationValve.invoke(ReplicationValve.java:322)
	at org.apache.catalina.connector.CoyoteAdapter.service(CoyoteAdapter.java:342)
	at org.apache.coyote.ajp.AjpProcessor.service(AjpProcessor.java:486)
	at org.apache.coyote.AbstractProcessorLight.process(AbstractProcessorLight.java:66)
	at org.apache.coyote.AbstractProtocol$ConnectionHandler.process(AbstractProtocol.java:790)
	at org.apache.tomcat.util.net.NioEndpoint$SocketProcessor.doRun(NioEndpoint.java:1459)
	at org.apache.tomcat.util.net.SocketProcessorBase.run(SocketProcessorBase.java:49)
	at java.base/java.util.concurrent.ThreadPoolExecutor.runWorker(ThreadPoolExecutor.java:1136)
	at java.base/java.util.concurrent.ThreadPoolExecutor$Worker.run(ThreadPoolExecutor.java:635)
	at org.apache.tomcat.util.threads.TaskThread$WrappingRunnable.run(TaskThread.java:61)
	at java.base/java.lang.Thread.run(Thread.java:842)

04-Feb-2025 08:45:28.640 INFO [localhost-startStop-2] org.apache.catalina.core.ApplicationContext.log SessionListener: contextDestroyed()
04-Feb-2025 08:45:28.640 INFO [localhost-startStop-2] org.apache.catalina.core.ApplicationContext.log ContextListener: contextDestroyed()
04-Feb-2025 08:45:32.974 INFO [localhost-startStop-1] org.apache.catalina.core.ApplicationContext.log ContextListener: contextInitialized()
04-Feb-2025 08:45:32.974 INFO [localhost-startStop-1] org.apache.catalina.core.ApplicationContext.log SessionListener: contextInitialized()
04-Feb-2025 08:59:10.146 INFO [localhost-startStop-2] org.apache.catalina.core.ApplicationContext.log SessionListener: contextDestroyed()
04-Feb-2025 08:59:10.146 INFO [localhost-startStop-2] org.apache.catalina.core.ApplicationContext.log ContextListener: contextDestroyed()
04-Feb-2025 08:59:15.408 INFO [localhost-startStop-1] org.apache.catalina.core.ApplicationContext.log ContextListener: contextInitialized()
04-Feb-2025 08:59:15.408 INFO [localhost-startStop-1] org.apache.catalina.core.ApplicationContext.log SessionListener: contextInitialized()
04-Feb-2025 08:59:55.604 INFO [localhost-startStop-2] org.apache.catalina.core.ApplicationContext.log SessionListener: contextDestroyed()
04-Feb-2025 08:59:55.604 INFO [localhost-startStop-2] org.apache.catalina.core.ApplicationContext.log ContextListener: contextDestroyed()
04-Feb-2025 08:59:59.423 INFO [localhost-startStop-1] org.apache.catalina.core.ApplicationContext.log ContextListener: contextInitialized()
04-Feb-2025 08:59:59.424 INFO [localhost-startStop-1] org.apache.catalina.core.ApplicationContext.log SessionListener: contextInitialized()
04-Feb-2025 09:01:06.143 INFO [localhost-startStop-2] org.apache.catalina.core.ApplicationContext.log SessionListener: contextDestroyed()
04-Feb-2025 09:01:06.143 INFO [localhost-startStop-2] org.apache.catalina.core.ApplicationContext.log ContextListener: contextDestroyed()
04-Feb-2025 09:01:10.457 INFO [localhost-startStop-1] org.apache.catalina.core.ApplicationContext.log ContextListener: contextInitialized()
04-Feb-2025 09:01:10.457 INFO [localhost-startStop-1] org.apache.catalina.core.ApplicationContext.log SessionListener: contextInitialized()
04-Feb-2025 09:03:56.924 INFO [localhost-startStop-2] org.apache.catalina.core.ApplicationContext.log SessionListener: contextDestroyed()
04-Feb-2025 09:03:56.924 INFO [localhost-startStop-2] org.apache.catalina.core.ApplicationContext.log ContextListener: contextDestroyed()
04-Feb-2025 09:04:00.663 INFO [localhost-startStop-1] org.apache.catalina.core.ApplicationContext.log ContextListener: contextInitialized()
04-Feb-2025 09:04:00.663 INFO [localhost-startStop-1] org.apache.catalina.core.ApplicationContext.log SessionListener: contextInitialized()
04-Feb-2025 09:08:43.500 INFO [localhost-startStop-2] org.apache.catalina.core.ApplicationContext.log SessionListener: contextDestroyed()
04-Feb-2025 09:08:43.500 INFO [localhost-startStop-2] org.apache.catalina.core.ApplicationContext.log ContextListener: contextDestroyed()
04-Feb-2025 09:08:47.386 INFO [localhost-startStop-1] org.apache.catalina.core.ApplicationContext.log ContextListener: contextInitialized()
04-Feb-2025 09:08:47.386 INFO [localhost-startStop-1] org.apache.catalina.core.ApplicationContext.log SessionListener: contextInitialized()
04-Feb-2025 09:12:52.587 INFO [localhost-startStop-2] org.apache.catalina.core.ApplicationContext.log SessionListener: contextDestroyed()
04-Feb-2025 09:12:52.587 INFO [localhost-startStop-2] org.apache.catalina.core.ApplicationContext.log ContextListener: contextDestroyed()
04-Feb-2025 09:12:56.480 INFO [localhost-startStop-1] org.apache.catalina.core.ApplicationContext.log ContextListener: contextInitialized()
04-Feb-2025 09:12:56.480 INFO [localhost-startStop-1] org.apache.catalina.core.ApplicationContext.log SessionListener: contextInitialized()
04-Feb-2025 09:15:46.690 INFO [ContainerBackgroundProcessor[StandardEngine[Catalina]]] org.apache.catalina.core.ApplicationContext.log SessionListener: contextDestroyed()
04-Feb-2025 09:15:46.690 INFO [ContainerBackgroundProcessor[StandardEngine[Catalina]]] org.apache.catalina.core.ApplicationContext.log ContextListener: contextDestroyed()
04-Feb-2025 09:15:47.055 INFO [localhost-startStop-2] org.apache.catalina.core.ApplicationContext.log ContextListener: contextInitialized()
04-Feb-2025 09:15:47.055 INFO [localhost-startStop-2] org.apache.catalina.core.ApplicationContext.log SessionListener: contextInitialized()
04-Feb-2025 09:17:48.402 INFO [localhost-startStop-3] org.apache.catalina.core.ApplicationContext.log SessionListener: contextDestroyed()
04-Feb-2025 09:17:48.402 INFO [localhost-startStop-3] org.apache.catalina.core.ApplicationContext.log ContextListener: contextDestroyed()
04-Feb-2025 09:17:52.557 INFO [localhost-startStop-1] org.apache.catalina.core.ApplicationContext.log ContextListener: contextInitialized()
04-Feb-2025 09:17:52.557 INFO [localhost-startStop-1] org.apache.catalina.core.ApplicationContext.log SessionListener: contextInitialized()
04-Feb-2025 09:23:16.124 INFO [localhost-startStop-2] org.apache.catalina.core.ApplicationContext.log SessionListener: contextDestroyed()
04-Feb-2025 09:23:16.124 INFO [localhost-startStop-2] org.apache.catalina.core.ApplicationContext.log ContextListener: contextDestroyed()
04-Feb-2025 09:23:20.802 INFO [localhost-startStop-1] org.apache.catalina.core.ApplicationContext.log ContextListener: contextInitialized()
04-Feb-2025 09:23:20.803 INFO [localhost-startStop-1] org.apache.catalina.core.ApplicationContext.log SessionListener: contextInitialized()
04-Feb-2025 09:25:20.999 INFO [ContainerBackgroundProcessor[StandardEngine[Catalina]]] org.apache.catalina.core.ApplicationContext.log SessionListener: contextDestroyed()
04-Feb-2025 09:25:20.999 INFO [ContainerBackgroundProcessor[StandardEngine[Catalina]]] org.apache.catalina.core.ApplicationContext.log ContextListener: contextDestroyed()
04-Feb-2025 09:25:21.367 INFO [localhost-startStop-2] org.apache.catalina.core.ApplicationContext.log ContextListener: contextInitialized()
04-Feb-2025 09:25:21.367 INFO [localhost-startStop-2] org.apache.catalina.core.ApplicationContext.log SessionListener: contextInitialized()
04-Feb-2025 09:26:13.848 INFO [localhost-startStop-3] org.apache.catalina.core.ApplicationContext.log SessionListener: contextDestroyed()
04-Feb-2025 09:26:13.848 INFO [localhost-startStop-3] org.apache.catalina.core.ApplicationContext.log ContextListener: contextDestroyed()
04-Feb-2025 09:26:18.098 INFO [localhost-startStop-1] org.apache.catalina.core.ApplicationContext.log ContextListener: contextInitialized()
04-Feb-2025 09:26:18.098 INFO [localhost-startStop-1] org.apache.catalina.core.ApplicationContext.log SessionListener: contextInitialized()
04-Feb-2025 09:27:08.295 INFO [ContainerBackgroundProcessor[StandardEngine[Catalina]]] org.apache.catalina.core.ApplicationContext.log SessionListener: contextDestroyed()
04-Feb-2025 09:27:08.295 INFO [ContainerBackgroundProcessor[StandardEngine[Catalina]]] org.apache.catalina.core.ApplicationContext.log ContextListener: contextDestroyed()
04-Feb-2025 09:27:08.601 INFO [localhost-startStop-2] org.apache.catalina.core.ApplicationContext.log ContextListener: contextInitialized()
04-Feb-2025 09:27:08.601 INFO [localhost-startStop-2] org.apache.catalina.core.ApplicationContext.log SessionListener: contextInitialized()
04-Feb-2025 09:27:17.845 INFO [localhost-startStop-2] org.apache.catalina.core.ApplicationContext.log SessionListener: contextDestroyed()
04-Feb-2025 09:27:17.845 INFO [localhost-startStop-2] org.apache.catalina.core.ApplicationContext.log ContextListener: contextDestroyed()
04-Feb-2025 09:27:21.866 INFO [localhost-startStop-1] org.apache.catalina.core.ApplicationContext.log ContextListener: contextInitialized()
04-Feb-2025 09:27:21.867 INFO [localhost-startStop-1] org.apache.catalina.core.ApplicationContext.log SessionListener: contextInitialized()
04-Feb-2025 09:28:47.196 INFO [localhost-startStop-2] org.apache.catalina.core.ApplicationContext.log SessionListener: contextDestroyed()
04-Feb-2025 09:28:47.196 INFO [localhost-startStop-2] org.apache.catalina.core.ApplicationContext.log ContextListener: contextDestroyed()
04-Feb-2025 09:29:01.260 INFO [localhost-startStop-1] org.apache.catalina.core.ApplicationContext.log ContextListener: contextInitialized()
04-Feb-2025 09:29:01.260 INFO [localhost-startStop-1] org.apache.catalina.core.ApplicationContext.log SessionListener: contextInitialized()
04-Feb-2025 09:41:37.454 INFO [localhost-startStop-2] org.apache.catalina.core.ApplicationContext.log SessionListener: contextDestroyed()
04-Feb-2025 09:41:37.454 INFO [localhost-startStop-2] org.apache.catalina.core.ApplicationContext.log ContextListener: contextDestroyed()
04-Feb-2025 09:41:41.843 INFO [localhost-startStop-1] org.apache.catalina.core.ApplicationContext.log ContextListener: contextInitialized()
04-Feb-2025 09:41:41.843 INFO [localhost-startStop-1] org.apache.catalina.core.ApplicationContext.log SessionListener: contextInitialized()
04-Feb-2025 09:43:35.765 INFO [localhost-startStop-2] org.apache.catalina.core.ApplicationContext.log SessionListener: contextDestroyed()
04-Feb-2025 09:43:35.765 INFO [localhost-startStop-2] org.apache.catalina.core.ApplicationContext.log ContextListener: contextDestroyed()
04-Feb-2025 09:43:40.292 INFO [localhost-startStop-1] org.apache.catalina.core.ApplicationContext.log ContextListener: contextInitialized()
04-Feb-2025 09:43:40.293 INFO [localhost-startStop-1] org.apache.catalina.core.ApplicationContext.log SessionListener: contextInitialized()
04-Feb-2025 09:47:20.513 INFO [ContainerBackgroundProcessor[StandardEngine[Catalina]]] org.apache.catalina.core.ApplicationContext.log SessionListener: contextDestroyed()
04-Feb-2025 09:47:20.513 INFO [ContainerBackgroundProcessor[StandardEngine[Catalina]]] org.apache.catalina.core.ApplicationContext.log ContextListener: contextDestroyed()
04-Feb-2025 09:47:20.840 INFO [localhost-startStop-2] org.apache.catalina.core.ApplicationContext.log ContextListener: contextInitialized()
04-Feb-2025 09:47:20.840 INFO [localhost-startStop-2] org.apache.catalina.core.ApplicationContext.log SessionListener: contextInitialized()
04-Feb-2025 09:47:21.976 INFO [localhost-startStop-2] org.apache.catalina.core.ApplicationContext.log SessionListener: contextDestroyed()
04-Feb-2025 09:47:21.976 INFO [localhost-startStop-2] org.apache.catalina.core.ApplicationContext.log ContextListener: contextDestroyed()
04-Feb-2025 09:47:26.007 INFO [localhost-startStop-1] org.apache.catalina.core.ApplicationContext.log ContextListener: contextInitialized()
04-Feb-2025 09:47:26.007 INFO [localhost-startStop-1] org.apache.catalina.core.ApplicationContext.log SessionListener: contextInitialized()
04-Feb-2025 10:25:52.055 INFO [localhost-startStop-2] org.apache.catalina.core.ApplicationContext.log SessionListener: contextDestroyed()
04-Feb-2025 10:25:52.055 INFO [localhost-startStop-2] org.apache.catalina.core.ApplicationContext.log ContextListener: contextDestroyed()
04-Feb-2025 10:33:44.585 INFO [localhost-startStop-1] org.apache.catalina.core.ApplicationContext.log ContextListener: contextInitialized()
04-Feb-2025 10:33:44.585 INFO [localhost-startStop-1] org.apache.catalina.core.ApplicationContext.log SessionListener: contextInitialized()
04-Feb-2025 10:54:46.923 INFO [localhost-startStop-2] org.apache.catalina.core.ApplicationContext.log SessionListener: contextDestroyed()
04-Feb-2025 10:54:46.923 INFO [localhost-startStop-2] org.apache.catalina.core.ApplicationContext.log ContextListener: contextDestroyed()
04-Feb-2025 10:54:54.243 INFO [localhost-startStop-1] org.apache.catalina.core.ApplicationContext.log ContextListener: contextInitialized()
04-Feb-2025 10:54:54.244 INFO [localhost-startStop-1] org.apache.catalina.core.ApplicationContext.log SessionListener: contextInitialized()
04-Feb-2025 10:55:09.365 SEVERE [ajp-nio-172.18.57.102-8011-exec-2] org.apache.catalina.core.StandardWrapperValve.invoke Servlet.service() for servlet [jsp] in context with path [] threw exception [Unable to compile class for JSP: 

An error occurred at line: [30] in the jsp file: [/user.jsp]
Syntax error, insert ";" to complete Statement
27:                 out.println("<td>" + rs.getString("email") + "</td>");
28:                 out.println("</tr>");
29:             }
30:             rs.close()
31:             stmt.close()
32:             conn.close()
33: 


An error occurred at line: [31] in the jsp file: [/user.jsp]
Syntax error, insert ";" to complete Statement
28:                 out.println("</tr>");
29:             }
30:             rs.close()
31:             stmt.close()
32:             conn.close()
33: 
34: 


An error occurred at line: [32] in the jsp file: [/user.jsp]
Syntax error, insert ";" to complete Statement
29:             }
30:             rs.close()
31:             stmt.close()
32:             conn.close()
33: 
34: 
35:         } catch (Exception e){


Stacktrace:] with root cause
 org.apache.jasper.JasperException: Unable to compile class for JSP: 

An error occurred at line: [30] in the jsp file: [/user.jsp]
Syntax error, insert ";" to complete Statement
27:                 out.println("<td>" + rs.getString("email") + "</td>");
28:                 out.println("</tr>");
29:             }
30:             rs.close()
31:             stmt.close()
32:             conn.close()
33: 


An error occurred at line: [31] in the jsp file: [/user.jsp]
Syntax error, insert ";" to complete Statement
28:                 out.println("</tr>");
29:             }
30:             rs.close()
31:             stmt.close()
32:             conn.close()
33: 
34: 


An error occurred at line: [32] in the jsp file: [/user.jsp]
Syntax error, insert ";" to complete Statement
29:             }
30:             rs.close()
31:             stmt.close()
32:             conn.close()
33: 
34: 
35:         } catch (Exception e){


Stacktrace:
	at org.apache.jasper.compiler.DefaultErrorHandler.javacError(DefaultErrorHandler.java:102)
	at org.apache.jasper.compiler.ErrorDispatcher.javacError(ErrorDispatcher.java:212)
	at org.apache.jasper.compiler.JDTCompiler.generateClass(JDTCompiler.java:457)
	at org.apache.jasper.compiler.Compiler.compile(Compiler.java:379)
	at org.apache.jasper.compiler.Compiler.compile(Compiler.java:351)
	at org.apache.jasper.compiler.Compiler.compile(Compiler.java:335)
	at org.apache.jasper.JspCompilationContext.compile(JspCompilationContext.java:595)
	at org.apache.jasper.servlet.JspServletWrapper.service(JspServletWrapper.java:368)
	at org.apache.jasper.servlet.JspServlet.serviceJspFile(JspServlet.java:386)
	at org.apache.jasper.servlet.JspServlet.service(JspServlet.java:330)
	at javax.servlet.http.HttpServlet.service(HttpServlet.java:742)
	at org.apache.catalina.core.ApplicationFilterChain.internalDoFilter(ApplicationFilterChain.java:231)
	at org.apache.catalina.core.ApplicationFilterChain.doFilter(ApplicationFilterChain.java:166)
	at org.apache.tomcat.websocket.server.WsFilter.doFilter(WsFilter.java:52)
	at org.apache.catalina.core.ApplicationFilterChain.internalDoFilter(ApplicationFilterChain.java:193)
	at org.apache.catalina.core.ApplicationFilterChain.doFilter(ApplicationFilterChain.java:166)
	at org.apache.catalina.core.StandardWrapperValve.invoke(StandardWrapperValve.java:198)
	at org.apache.catalina.core.StandardContextValve.invoke(StandardContextValve.java:96)
	at org.apache.catalina.core.StandardHostValve.invoke(StandardHostValve.java:140)
	at org.apache.catalina.valves.ErrorReportValve.invoke(ErrorReportValve.java:81)
	at org.apache.catalina.valves.AbstractAccessLogValve.invoke(AbstractAccessLogValve.java:650)
	at org.apache.catalina.core.StandardEngineValve.invoke(StandardEngineValve.java:87)
	at org.apache.catalina.ha.session.JvmRouteBinderValve.invoke(JvmRouteBinderValve.java:193)
	at org.apache.catalina.ha.tcp.ReplicationValve.invoke(ReplicationValve.java:322)
	at org.apache.catalina.connector.CoyoteAdapter.service(CoyoteAdapter.java:342)
	at org.apache.coyote.ajp.AjpProcessor.service(AjpProcessor.java:486)
	at org.apache.coyote.AbstractProcessorLight.process(AbstractProcessorLight.java:66)
	at org.apache.coyote.AbstractProtocol$ConnectionHandler.process(AbstractProtocol.java:790)
	at org.apache.tomcat.util.net.NioEndpoint$SocketProcessor.doRun(NioEndpoint.java:1459)
	at org.apache.tomcat.util.net.SocketProcessorBase.run(SocketProcessorBase.java:49)
	at java.base/java.util.concurrent.ThreadPoolExecutor.runWorker(ThreadPoolExecutor.java:1136)
	at java.base/java.util.concurrent.ThreadPoolExecutor$Worker.run(ThreadPoolExecutor.java:635)
	at org.apache.tomcat.util.threads.TaskThread$WrappingRunnable.run(TaskThread.java:61)
	at java.base/java.lang.Thread.run(Thread.java:842)

04-Feb-2025 10:55:31.220 INFO [localhost-startStop-2] org.apache.catalina.core.ApplicationContext.log SessionListener: contextDestroyed()
04-Feb-2025 10:55:31.220 INFO [localhost-startStop-2] org.apache.catalina.core.ApplicationContext.log ContextListener: contextDestroyed()
04-Feb-2025 10:55:35.700 INFO [localhost-startStop-1] org.apache.catalina.core.ApplicationContext.log ContextListener: contextInitialized()
04-Feb-2025 10:55:35.700 INFO [localhost-startStop-1] org.apache.catalina.core.ApplicationContext.log SessionListener: contextInitialized()
04-Feb-2025 10:59:25.434 INFO [localhost-startStop-2] org.apache.catalina.core.ApplicationContext.log SessionListener: contextDestroyed()
04-Feb-2025 10:59:25.434 INFO [localhost-startStop-2] org.apache.catalina.core.ApplicationContext.log ContextListener: contextDestroyed()
04-Feb-2025 10:59:28.968 INFO [localhost-startStop-1] org.apache.catalina.core.ApplicationContext.log ContextListener: contextInitialized()
04-Feb-2025 10:59:28.968 INFO [localhost-startStop-1] org.apache.catalina.core.ApplicationContext.log SessionListener: contextInitialized()
04-Feb-2025 11:06:26.128 INFO [localhost-startStop-2] org.apache.catalina.core.ApplicationContext.log SessionListener: contextDestroyed()
04-Feb-2025 11:06:26.128 INFO [localhost-startStop-2] org.apache.catalina.core.ApplicationContext.log ContextListener: contextDestroyed()
04-Feb-2025 11:06:29.776 INFO [localhost-startStop-1] org.apache.catalina.core.ApplicationContext.log ContextListener: contextInitialized()
04-Feb-2025 11:06:29.776 INFO [localhost-startStop-1] org.apache.catalina.core.ApplicationContext.log SessionListener: contextInitialized()
04-Feb-2025 11:09:23.480 INFO [localhost-startStop-2] org.apache.catalina.core.ApplicationContext.log SessionListener: contextDestroyed()
04-Feb-2025 11:09:23.480 INFO [localhost-startStop-2] org.apache.catalina.core.ApplicationContext.log ContextListener: contextDestroyed()
04-Feb-2025 11:09:27.132 INFO [localhost-startStop-1] org.apache.catalina.core.ApplicationContext.log ContextListener: contextInitialized()
04-Feb-2025 11:09:27.132 INFO [localhost-startStop-1] org.apache.catalina.core.ApplicationContext.log SessionListener: contextInitialized()
04-Feb-2025 11:21:14.048 INFO [localhost-startStop-2] org.apache.catalina.core.ApplicationContext.log SessionListener: contextDestroyed()
04-Feb-2025 11:21:14.048 INFO [localhost-startStop-2] org.apache.catalina.core.ApplicationContext.log ContextListener: contextDestroyed()
04-Feb-2025 11:21:17.647 INFO [localhost-startStop-1] org.apache.catalina.core.ApplicationContext.log ContextListener: contextInitialized()
04-Feb-2025 11:21:17.647 INFO [localhost-startStop-1] org.apache.catalina.core.ApplicationContext.log SessionListener: contextInitialized()
04-Feb-2025 11:21:18.159 SEVERE [ajp-nio-172.18.57.102-8011-exec-1] org.apache.catalina.core.StandardWrapperValve.invoke Servlet.service() for servlet [jsp] in context with path [] threw exception [Unable to compile class for JSP: 

An error occurred at line: [79] in the jsp file: [/user.jsp]
rs cannot be resolved
76:             <th>Email</th>
77:         </tr>
78:         <%
79:         while (rs.next()) {
80:             out.println("<tr>");
81:             out.println("<td>" + rs.getInt("id") + "</td>");
82:             out.println("<td>" + rs.getString("name") + "</td>");


An error occurred at line: [81] in the jsp file: [/user.jsp]
rs cannot be resolved
78:         <%
79:         while (rs.next()) {
80:             out.println("<tr>");
81:             out.println("<td>" + rs.getInt("id") + "</td>");
82:             out.println("<td>" + rs.getString("name") + "</td>");
83:             out.println("<td>" + rs.getString("email") + "</td>");
84:             out.println("</tr>");


An error occurred at line: [82] in the jsp file: [/user.jsp]
rs cannot be resolved
79:         while (rs.next()) {
80:             out.println("<tr>");
81:             out.println("<td>" + rs.getInt("id") + "</td>");
82:             out.println("<td>" + rs.getString("name") + "</td>");
83:             out.println("<td>" + rs.getString("email") + "</td>");
84:             out.println("</tr>");
85:         }


An error occurred at line: [83] in the jsp file: [/user.jsp]
rs cannot be resolved
80:             out.println("<tr>");
81:             out.println("<td>" + rs.getInt("id") + "</td>");
82:             out.println("<td>" + rs.getString("name") + "</td>");
83:             out.println("<td>" + rs.getString("email") + "</td>");
84:             out.println("</tr>");
85:         }
86:         rs.close();


An error occurred at line: [86] in the jsp file: [/user.jsp]
rs cannot be resolved
83:             out.println("<td>" + rs.getString("email") + "</td>");
84:             out.println("</tr>");
85:         }
86:         rs.close();
87:         stmt.close();
88:         conn.close();
89:         %>


An error occurred at line: [87] in the jsp file: [/user.jsp]
stmt cannot be resolved
84:             out.println("</tr>");
85:         }
86:         rs.close();
87:         stmt.close();
88:         conn.close();
89:         %>
90:     </table>


An error occurred at line: [88] in the jsp file: [/user.jsp]
conn cannot be resolved
85:         }
86:         rs.close();
87:         stmt.close();
88:         conn.close();
89:         %>
90:     </table>
91:     


Stacktrace:] with root cause
 org.apache.jasper.JasperException: Unable to compile class for JSP: 

An error occurred at line: [79] in the jsp file: [/user.jsp]
rs cannot be resolved
76:             <th>Email</th>
77:         </tr>
78:         <%
79:         while (rs.next()) {
80:             out.println("<tr>");
81:             out.println("<td>" + rs.getInt("id") + "</td>");
82:             out.println("<td>" + rs.getString("name") + "</td>");


An error occurred at line: [81] in the jsp file: [/user.jsp]
rs cannot be resolved
78:         <%
79:         while (rs.next()) {
80:             out.println("<tr>");
81:             out.println("<td>" + rs.getInt("id") + "</td>");
82:             out.println("<td>" + rs.getString("name") + "</td>");
83:             out.println("<td>" + rs.getString("email") + "</td>");
84:             out.println("</tr>");


An error occurred at line: [82] in the jsp file: [/user.jsp]
rs cannot be resolved
79:         while (rs.next()) {
80:             out.println("<tr>");
81:             out.println("<td>" + rs.getInt("id") + "</td>");
82:             out.println("<td>" + rs.getString("name") + "</td>");
83:             out.println("<td>" + rs.getString("email") + "</td>");
84:             out.println("</tr>");
85:         }


An error occurred at line: [83] in the jsp file: [/user.jsp]
rs cannot be resolved
80:             out.println("<tr>");
81:             out.println("<td>" + rs.getInt("id") + "</td>");
82:             out.println("<td>" + rs.getString("name") + "</td>");
83:             out.println("<td>" + rs.getString("email") + "</td>");
84:             out.println("</tr>");
85:         }
86:         rs.close();


An error occurred at line: [86] in the jsp file: [/user.jsp]
rs cannot be resolved
83:             out.println("<td>" + rs.getString("email") + "</td>");
84:             out.println("</tr>");
85:         }
86:         rs.close();
87:         stmt.close();
88:         conn.close();
89:         %>


An error occurred at line: [87] in the jsp file: [/user.jsp]
stmt cannot be resolved
84:             out.println("</tr>");
85:         }
86:         rs.close();
87:         stmt.close();
88:         conn.close();
89:         %>
90:     </table>


An error occurred at line: [88] in the jsp file: [/user.jsp]
conn cannot be resolved
85:         }
86:         rs.close();
87:         stmt.close();
88:         conn.close();
89:         %>
90:     </table>
91:     


Stacktrace:
	at org.apache.jasper.compiler.DefaultErrorHandler.javacError(DefaultErrorHandler.java:102)
	at org.apache.jasper.compiler.ErrorDispatcher.javacError(ErrorDispatcher.java:212)
	at org.apache.jasper.compiler.JDTCompiler.generateClass(JDTCompiler.java:457)
	at org.apache.jasper.compiler.Compiler.compile(Compiler.java:379)
	at org.apache.jasper.compiler.Compiler.compile(Compiler.java:351)
	at org.apache.jasper.compiler.Compiler.compile(Compiler.java:335)
	at org.apache.jasper.JspCompilationContext.compile(JspCompilationContext.java:595)
	at org.apache.jasper.servlet.JspServletWrapper.service(JspServletWrapper.java:368)
	at org.apache.jasper.servlet.JspServlet.serviceJspFile(JspServlet.java:386)
	at org.apache.jasper.servlet.JspServlet.service(JspServlet.java:330)
	at javax.servlet.http.HttpServlet.service(HttpServlet.java:742)
	at org.apache.catalina.core.ApplicationFilterChain.internalDoFilter(ApplicationFilterChain.java:231)
	at org.apache.catalina.core.ApplicationFilterChain.doFilter(ApplicationFilterChain.java:166)
	at org.apache.tomcat.websocket.server.WsFilter.doFilter(WsFilter.java:52)
	at org.apache.catalina.core.ApplicationFilterChain.internalDoFilter(ApplicationFilterChain.java:193)
	at org.apache.catalina.core.ApplicationFilterChain.doFilter(ApplicationFilterChain.java:166)
	at org.apache.catalina.core.StandardWrapperValve.invoke(StandardWrapperValve.java:198)
	at org.apache.catalina.core.StandardContextValve.invoke(StandardContextValve.java:96)
	at org.apache.catalina.core.StandardHostValve.invoke(StandardHostValve.java:140)
	at org.apache.catalina.valves.ErrorReportValve.invoke(ErrorReportValve.java:81)
	at org.apache.catalina.valves.AbstractAccessLogValve.invoke(AbstractAccessLogValve.java:650)
	at org.apache.catalina.core.StandardEngineValve.invoke(StandardEngineValve.java:87)
	at org.apache.catalina.ha.session.JvmRouteBinderValve.invoke(JvmRouteBinderValve.java:193)
	at org.apache.catalina.ha.tcp.ReplicationValve.invoke(ReplicationValve.java:322)
	at org.apache.catalina.connector.CoyoteAdapter.service(CoyoteAdapter.java:342)
	at org.apache.coyote.ajp.AjpProcessor.service(AjpProcessor.java:486)
	at org.apache.coyote.AbstractProcessorLight.process(AbstractProcessorLight.java:66)
	at org.apache.coyote.AbstractProtocol$ConnectionHandler.process(AbstractProtocol.java:790)
	at org.apache.tomcat.util.net.NioEndpoint$SocketProcessor.doRun(NioEndpoint.java:1459)
	at org.apache.tomcat.util.net.SocketProcessorBase.run(SocketProcessorBase.java:49)
	at java.base/java.util.concurrent.ThreadPoolExecutor.runWorker(ThreadPoolExecutor.java:1136)
	at java.base/java.util.concurrent.ThreadPoolExecutor$Worker.run(ThreadPoolExecutor.java:635)
	at org.apache.tomcat.util.threads.TaskThread$WrappingRunnable.run(TaskThread.java:61)
	at java.base/java.lang.Thread.run(Thread.java:842)

04-Feb-2025 11:22:20.494 INFO [localhost-startStop-2] org.apache.catalina.core.ApplicationContext.log SessionListener: contextDestroyed()
04-Feb-2025 11:22:20.494 INFO [localhost-startStop-2] org.apache.catalina.core.ApplicationContext.log ContextListener: contextDestroyed()
04-Feb-2025 11:22:23.944 INFO [localhost-startStop-1] org.apache.catalina.core.ApplicationContext.log ContextListener: contextInitialized()
04-Feb-2025 11:22:23.944 INFO [localhost-startStop-1] org.apache.catalina.core.ApplicationContext.log SessionListener: contextInitialized()
04-Feb-2025 11:22:24.468 SEVERE [ajp-nio-172.18.57.102-8011-exec-1] org.apache.catalina.core.StandardWrapperValve.invoke Servlet.service() for servlet [jsp] in context with path [] threw exception [Unable to compile class for JSP: 

An error occurred at line: [79] in the jsp file: [/user.jsp]
rs cannot be resolved
76:             <th>Email</th>
77:         </tr>
78:         <%
79:         while (rs.next()) {
80:             out.println("<tr>");
81:             out.println("<td>" + rs.getInt("id") + "</td>");
82:             out.println("<td>" + rs.getString("name") + "</td>");


An error occurred at line: [81] in the jsp file: [/user.jsp]
rs cannot be resolved
78:         <%
79:         while (rs.next()) {
80:             out.println("<tr>");
81:             out.println("<td>" + rs.getInt("id") + "</td>");
82:             out.println("<td>" + rs.getString("name") + "</td>");
83:             out.println("<td>" + rs.getString("email") + "</td>");
84:             out.println("</tr>");


An error occurred at line: [82] in the jsp file: [/user.jsp]
rs cannot be resolved
79:         while (rs.next()) {
80:             out.println("<tr>");
81:             out.println("<td>" + rs.getInt("id") + "</td>");
82:             out.println("<td>" + rs.getString("name") + "</td>");
83:             out.println("<td>" + rs.getString("email") + "</td>");
84:             out.println("</tr>");
85:         }


An error occurred at line: [83] in the jsp file: [/user.jsp]
rs cannot be resolved
80:             out.println("<tr>");
81:             out.println("<td>" + rs.getInt("id") + "</td>");
82:             out.println("<td>" + rs.getString("name") + "</td>");
83:             out.println("<td>" + rs.getString("email") + "</td>");
84:             out.println("</tr>");
85:         }
86:         rs.close();


An error occurred at line: [86] in the jsp file: [/user.jsp]
rs cannot be resolved
83:             out.println("<td>" + rs.getString("email") + "</td>");
84:             out.println("</tr>");
85:         }
86:         rs.close();
87:         stmt.close();
88:         conn.close();
89:         %>


An error occurred at line: [87] in the jsp file: [/user.jsp]
stmt cannot be resolved
84:             out.println("</tr>");
85:         }
86:         rs.close();
87:         stmt.close();
88:         conn.close();
89:         %>
90:     </table>


An error occurred at line: [88] in the jsp file: [/user.jsp]
conn cannot be resolved
85:         }
86:         rs.close();
87:         stmt.close();
88:         conn.close();
89:         %>
90:     </table>
91:     


Stacktrace:] with root cause
 org.apache.jasper.JasperException: Unable to compile class for JSP: 

An error occurred at line: [79] in the jsp file: [/user.jsp]
rs cannot be resolved
76:             <th>Email</th>
77:         </tr>
78:         <%
79:         while (rs.next()) {
80:             out.println("<tr>");
81:             out.println("<td>" + rs.getInt("id") + "</td>");
82:             out.println("<td>" + rs.getString("name") + "</td>");


An error occurred at line: [81] in the jsp file: [/user.jsp]
rs cannot be resolved
78:         <%
79:         while (rs.next()) {
80:             out.println("<tr>");
81:             out.println("<td>" + rs.getInt("id") + "</td>");
82:             out.println("<td>" + rs.getString("name") + "</td>");
83:             out.println("<td>" + rs.getString("email") + "</td>");
84:             out.println("</tr>");


An error occurred at line: [82] in the jsp file: [/user.jsp]
rs cannot be resolved
79:         while (rs.next()) {
80:             out.println("<tr>");
81:             out.println("<td>" + rs.getInt("id") + "</td>");
82:             out.println("<td>" + rs.getString("name") + "</td>");
83:             out.println("<td>" + rs.getString("email") + "</td>");
84:             out.println("</tr>");
85:         }


An error occurred at line: [83] in the jsp file: [/user.jsp]
rs cannot be resolved
80:             out.println("<tr>");
81:             out.println("<td>" + rs.getInt("id") + "</td>");
82:             out.println("<td>" + rs.getString("name") + "</td>");
83:             out.println("<td>" + rs.getString("email") + "</td>");
84:             out.println("</tr>");
85:         }
86:         rs.close();


An error occurred at line: [86] in the jsp file: [/user.jsp]
rs cannot be resolved
83:             out.println("<td>" + rs.getString("email") + "</td>");
84:             out.println("</tr>");
85:         }
86:         rs.close();
87:         stmt.close();
88:         conn.close();
89:         %>


An error occurred at line: [87] in the jsp file: [/user.jsp]
stmt cannot be resolved
84:             out.println("</tr>");
85:         }
86:         rs.close();
87:         stmt.close();
88:         conn.close();
89:         %>
90:     </table>


An error occurred at line: [88] in the jsp file: [/user.jsp]
conn cannot be resolved
85:         }
86:         rs.close();
87:         stmt.close();
88:         conn.close();
89:         %>
90:     </table>
91:     


Stacktrace:
	at org.apache.jasper.compiler.DefaultErrorHandler.javacError(DefaultErrorHandler.java:102)
	at org.apache.jasper.compiler.ErrorDispatcher.javacError(ErrorDispatcher.java:212)
	at org.apache.jasper.compiler.JDTCompiler.generateClass(JDTCompiler.java:457)
	at org.apache.jasper.compiler.Compiler.compile(Compiler.java:379)
	at org.apache.jasper.compiler.Compiler.compile(Compiler.java:351)
	at org.apache.jasper.compiler.Compiler.compile(Compiler.java:335)
	at org.apache.jasper.JspCompilationContext.compile(JspCompilationContext.java:595)
	at org.apache.jasper.servlet.JspServletWrapper.service(JspServletWrapper.java:368)
	at org.apache.jasper.servlet.JspServlet.serviceJspFile(JspServlet.java:386)
	at org.apache.jasper.servlet.JspServlet.service(JspServlet.java:330)
	at javax.servlet.http.HttpServlet.service(HttpServlet.java:742)
	at org.apache.catalina.core.ApplicationFilterChain.internalDoFilter(ApplicationFilterChain.java:231)
	at org.apache.catalina.core.ApplicationFilterChain.doFilter(ApplicationFilterChain.java:166)
	at org.apache.tomcat.websocket.server.WsFilter.doFilter(WsFilter.java:52)
	at org.apache.catalina.core.ApplicationFilterChain.internalDoFilter(ApplicationFilterChain.java:193)
	at org.apache.catalina.core.ApplicationFilterChain.doFilter(ApplicationFilterChain.java:166)
	at org.apache.catalina.core.StandardWrapperValve.invoke(StandardWrapperValve.java:198)
	at org.apache.catalina.core.StandardContextValve.invoke(StandardContextValve.java:96)
	at org.apache.catalina.core.StandardHostValve.invoke(StandardHostValve.java:140)
	at org.apache.catalina.valves.ErrorReportValve.invoke(ErrorReportValve.java:81)
	at org.apache.catalina.valves.AbstractAccessLogValve.invoke(AbstractAccessLogValve.java:650)
	at org.apache.catalina.core.StandardEngineValve.invoke(StandardEngineValve.java:87)
	at org.apache.catalina.ha.session.JvmRouteBinderValve.invoke(JvmRouteBinderValve.java:193)
	at org.apache.catalina.ha.tcp.ReplicationValve.invoke(ReplicationValve.java:322)
	at org.apache.catalina.connector.CoyoteAdapter.service(CoyoteAdapter.java:342)
	at org.apache.coyote.ajp.AjpProcessor.service(AjpProcessor.java:486)
	at org.apache.coyote.AbstractProcessorLight.process(AbstractProcessorLight.java:66)
	at org.apache.coyote.AbstractProtocol$ConnectionHandler.process(AbstractProtocol.java:790)
	at org.apache.tomcat.util.net.NioEndpoint$SocketProcessor.doRun(NioEndpoint.java:1459)
	at org.apache.tomcat.util.net.SocketProcessorBase.run(SocketProcessorBase.java:49)
	at java.base/java.util.concurrent.ThreadPoolExecutor.runWorker(ThreadPoolExecutor.java:1136)
	at java.base/java.util.concurrent.ThreadPoolExecutor$Worker.run(ThreadPoolExecutor.java:635)
	at org.apache.tomcat.util.threads.TaskThread$WrappingRunnable.run(TaskThread.java:61)
	at java.base/java.lang.Thread.run(Thread.java:842)

04-Feb-2025 11:22:25.905 SEVERE [ajp-nio-172.18.57.102-8011-exec-2] org.apache.catalina.core.StandardWrapperValve.invoke Servlet.service() for servlet [jsp] in context with path [] threw exception [java.lang.ClassNotFoundException: org.apache.jsp.user_jsp] with root cause
 java.lang.ClassNotFoundException: org.apache.jsp.user_jsp
	at java.base/java.net.URLClassLoader.findClass(URLClassLoader.java:445)
	at org.apache.jasper.servlet.JasperLoader.loadClass(JasperLoader.java:129)
	at org.apache.jasper.servlet.JasperLoader.loadClass(JasperLoader.java:60)
	at org.apache.catalina.core.DefaultInstanceManager.newInstance(DefaultInstanceManager.java:159)
	at org.apache.jasper.servlet.JspServletWrapper.getServlet(JspServletWrapper.java:171)
	at org.apache.jasper.servlet.JspServletWrapper.service(JspServletWrapper.java:380)
	at org.apache.jasper.servlet.JspServlet.serviceJspFile(JspServlet.java:386)
	at org.apache.jasper.servlet.JspServlet.service(JspServlet.java:330)
	at javax.servlet.http.HttpServlet.service(HttpServlet.java:742)
	at org.apache.catalina.core.ApplicationFilterChain.internalDoFilter(ApplicationFilterChain.java:231)
	at org.apache.catalina.core.ApplicationFilterChain.doFilter(ApplicationFilterChain.java:166)
	at org.apache.tomcat.websocket.server.WsFilter.doFilter(WsFilter.java:52)
	at org.apache.catalina.core.ApplicationFilterChain.internalDoFilter(ApplicationFilterChain.java:193)
	at org.apache.catalina.core.ApplicationFilterChain.doFilter(ApplicationFilterChain.java:166)
	at org.apache.catalina.core.StandardWrapperValve.invoke(StandardWrapperValve.java:198)
	at org.apache.catalina.core.StandardContextValve.invoke(StandardContextValve.java:96)
	at org.apache.catalina.core.StandardHostValve.invoke(StandardHostValve.java:140)
	at org.apache.catalina.valves.ErrorReportValve.invoke(ErrorReportValve.java:81)
	at org.apache.catalina.valves.AbstractAccessLogValve.invoke(AbstractAccessLogValve.java:650)
	at org.apache.catalina.core.StandardEngineValve.invoke(StandardEngineValve.java:87)
	at org.apache.catalina.ha.session.JvmRouteBinderValve.invoke(JvmRouteBinderValve.java:193)
	at org.apache.catalina.ha.tcp.ReplicationValve.invoke(ReplicationValve.java:322)
	at org.apache.catalina.connector.CoyoteAdapter.service(CoyoteAdapter.java:342)
	at org.apache.coyote.ajp.AjpProcessor.service(AjpProcessor.java:486)
	at org.apache.coyote.AbstractProcessorLight.process(AbstractProcessorLight.java:66)
	at org.apache.coyote.AbstractProtocol$ConnectionHandler.process(AbstractProtocol.java:790)
	at org.apache.tomcat.util.net.NioEndpoint$SocketProcessor.doRun(NioEndpoint.java:1459)
	at org.apache.tomcat.util.net.SocketProcessorBase.run(SocketProcessorBase.java:49)
	at java.base/java.util.concurrent.ThreadPoolExecutor.runWorker(ThreadPoolExecutor.java:1136)
	at java.base/java.util.concurrent.ThreadPoolExecutor$Worker.run(ThreadPoolExecutor.java:635)
	at org.apache.tomcat.util.threads.TaskThread$WrappingRunnable.run(TaskThread.java:61)
	at java.base/java.lang.Thread.run(Thread.java:842)

04-Feb-2025 11:22:27.636 SEVERE [ajp-nio-172.18.57.102-8011-exec-3] org.apache.catalina.core.StandardWrapperValve.invoke Servlet.service() for servlet [jsp] in context with path [] threw exception [java.lang.ClassNotFoundException: org.apache.jsp.user_jsp] with root cause
 java.lang.ClassNotFoundException: org.apache.jsp.user_jsp
	at java.base/java.net.URLClassLoader.findClass(URLClassLoader.java:445)
	at org.apache.jasper.servlet.JasperLoader.loadClass(JasperLoader.java:129)
	at org.apache.jasper.servlet.JasperLoader.loadClass(JasperLoader.java:60)
	at org.apache.catalina.core.DefaultInstanceManager.newInstance(DefaultInstanceManager.java:159)
	at org.apache.jasper.servlet.JspServletWrapper.getServlet(JspServletWrapper.java:171)
	at org.apache.jasper.servlet.JspServletWrapper.service(JspServletWrapper.java:380)
	at org.apache.jasper.servlet.JspServlet.serviceJspFile(JspServlet.java:386)
	at org.apache.jasper.servlet.JspServlet.service(JspServlet.java:330)
	at javax.servlet.http.HttpServlet.service(HttpServlet.java:742)
	at org.apache.catalina.core.ApplicationFilterChain.internalDoFilter(ApplicationFilterChain.java:231)
	at org.apache.catalina.core.ApplicationFilterChain.doFilter(ApplicationFilterChain.java:166)
	at org.apache.tomcat.websocket.server.WsFilter.doFilter(WsFilter.java:52)
	at org.apache.catalina.core.ApplicationFilterChain.internalDoFilter(ApplicationFilterChain.java:193)
	at org.apache.catalina.core.ApplicationFilterChain.doFilter(ApplicationFilterChain.java:166)
	at org.apache.catalina.core.StandardWrapperValve.invoke(StandardWrapperValve.java:198)
	at org.apache.catalina.core.StandardContextValve.invoke(StandardContextValve.java:96)
	at org.apache.catalina.core.StandardHostValve.invoke(StandardHostValve.java:140)
	at org.apache.catalina.valves.ErrorReportValve.invoke(ErrorReportValve.java:81)
	at org.apache.catalina.valves.AbstractAccessLogValve.invoke(AbstractAccessLogValve.java:650)
	at org.apache.catalina.core.StandardEngineValve.invoke(StandardEngineValve.java:87)
	at org.apache.catalina.ha.session.JvmRouteBinderValve.invoke(JvmRouteBinderValve.java:193)
	at org.apache.catalina.ha.tcp.ReplicationValve.invoke(ReplicationValve.java:322)
	at org.apache.catalina.connector.CoyoteAdapter.service(CoyoteAdapter.java:342)
	at org.apache.coyote.ajp.AjpProcessor.service(AjpProcessor.java:486)
	at org.apache.coyote.AbstractProcessorLight.process(AbstractProcessorLight.java:66)
	at org.apache.coyote.AbstractProtocol$ConnectionHandler.process(AbstractProtocol.java:790)
	at org.apache.tomcat.util.net.NioEndpoint$SocketProcessor.doRun(NioEndpoint.java:1459)
	at org.apache.tomcat.util.net.SocketProcessorBase.run(SocketProcessorBase.java:49)
	at java.base/java.util.concurrent.ThreadPoolExecutor.runWorker(ThreadPoolExecutor.java:1136)
	at java.base/java.util.concurrent.ThreadPoolExecutor$Worker.run(ThreadPoolExecutor.java:635)
	at org.apache.tomcat.util.threads.TaskThread$WrappingRunnable.run(TaskThread.java:61)
	at java.base/java.lang.Thread.run(Thread.java:842)

04-Feb-2025 11:28:49.827 SEVERE [ajp-nio-172.18.57.102-8011-exec-4] org.apache.catalina.core.StandardWrapperValve.invoke Servlet.service() for servlet [jsp] in context with path [] threw exception [Unable to compile class for JSP: 

An error occurred at line: [79] in the jsp file: [/user.jsp]
rs cannot be resolved
76:             <th>Email</th>
77:         </tr>
78:         <%
79:         while (rs.next()) {
80:             out.println("<tr>");
81:             out.println("<td>" + rs.getInt("id") + "</td>");
82:             out.println("<td>" + rs.getString("name") + "</td>");


An error occurred at line: [81] in the jsp file: [/user.jsp]
rs cannot be resolved
78:         <%
79:         while (rs.next()) {
80:             out.println("<tr>");
81:             out.println("<td>" + rs.getInt("id") + "</td>");
82:             out.println("<td>" + rs.getString("name") + "</td>");
83:             out.println("<td>" + rs.getString("email") + "</td>");
84:             out.println("</tr>");


An error occurred at line: [82] in the jsp file: [/user.jsp]
rs cannot be resolved
79:         while (rs.next()) {
80:             out.println("<tr>");
81:             out.println("<td>" + rs.getInt("id") + "</td>");
82:             out.println("<td>" + rs.getString("name") + "</td>");
83:             out.println("<td>" + rs.getString("email") + "</td>");
84:             out.println("</tr>");
85:         }


An error occurred at line: [83] in the jsp file: [/user.jsp]
rs cannot be resolved
80:             out.println("<tr>");
81:             out.println("<td>" + rs.getInt("id") + "</td>");
82:             out.println("<td>" + rs.getString("name") + "</td>");
83:             out.println("<td>" + rs.getString("email") + "</td>");
84:             out.println("</tr>");
85:         }
86:         rs.close();


An error occurred at line: [86] in the jsp file: [/user.jsp]
rs cannot be resolved
83:             out.println("<td>" + rs.getString("email") + "</td>");
84:             out.println("</tr>");
85:         }
86:         rs.close();
87:         stmt.close();
88:         conn.close();
89:         %>


An error occurred at line: [87] in the jsp file: [/user.jsp]
stmt cannot be resolved
84:             out.println("</tr>");
85:         }
86:         rs.close();
87:         stmt.close();
88:         conn.close();
89:         %>
90:     </table>


An error occurred at line: [88] in the jsp file: [/user.jsp]
conn cannot be resolved
85:         }
86:         rs.close();
87:         stmt.close();
88:         conn.close();
89:         %>
90:     </table>
91:     


Stacktrace:] with root cause
 org.apache.jasper.JasperException: Unable to compile class for JSP: 

An error occurred at line: [79] in the jsp file: [/user.jsp]
rs cannot be resolved
76:             <th>Email</th>
77:         </tr>
78:         <%
79:         while (rs.next()) {
80:             out.println("<tr>");
81:             out.println("<td>" + rs.getInt("id") + "</td>");
82:             out.println("<td>" + rs.getString("name") + "</td>");


An error occurred at line: [81] in the jsp file: [/user.jsp]
rs cannot be resolved
78:         <%
79:         while (rs.next()) {
80:             out.println("<tr>");
81:             out.println("<td>" + rs.getInt("id") + "</td>");
82:             out.println("<td>" + rs.getString("name") + "</td>");
83:             out.println("<td>" + rs.getString("email") + "</td>");
84:             out.println("</tr>");


An error occurred at line: [82] in the jsp file: [/user.jsp]
rs cannot be resolved
79:         while (rs.next()) {
80:             out.println("<tr>");
81:             out.println("<td>" + rs.getInt("id") + "</td>");
82:             out.println("<td>" + rs.getString("name") + "</td>");
83:             out.println("<td>" + rs.getString("email") + "</td>");
84:             out.println("</tr>");
85:         }


An error occurred at line: [83] in the jsp file: [/user.jsp]
rs cannot be resolved
80:             out.println("<tr>");
81:             out.println("<td>" + rs.getInt("id") + "</td>");
82:             out.println("<td>" + rs.getString("name") + "</td>");
83:             out.println("<td>" + rs.getString("email") + "</td>");
84:             out.println("</tr>");
85:         }
86:         rs.close();


An error occurred at line: [86] in the jsp file: [/user.jsp]
rs cannot be resolved
83:             out.println("<td>" + rs.getString("email") + "</td>");
84:             out.println("</tr>");
85:         }
86:         rs.close();
87:         stmt.close();
88:         conn.close();
89:         %>


An error occurred at line: [87] in the jsp file: [/user.jsp]
stmt cannot be resolved
84:             out.println("</tr>");
85:         }
86:         rs.close();
87:         stmt.close();
88:         conn.close();
89:         %>
90:     </table>


An error occurred at line: [88] in the jsp file: [/user.jsp]
conn cannot be resolved
85:         }
86:         rs.close();
87:         stmt.close();
88:         conn.close();
89:         %>
90:     </table>
91:     


Stacktrace:
	at org.apache.jasper.compiler.DefaultErrorHandler.javacError(DefaultErrorHandler.java:102)
	at org.apache.jasper.compiler.ErrorDispatcher.javacError(ErrorDispatcher.java:212)
	at org.apache.jasper.compiler.JDTCompiler.generateClass(JDTCompiler.java:457)
	at org.apache.jasper.compiler.Compiler.compile(Compiler.java:379)
	at org.apache.jasper.compiler.Compiler.compile(Compiler.java:351)
	at org.apache.jasper.compiler.Compiler.compile(Compiler.java:335)
	at org.apache.jasper.JspCompilationContext.compile(JspCompilationContext.java:595)
	at org.apache.jasper.servlet.JspServletWrapper.service(JspServletWrapper.java:368)
	at org.apache.jasper.servlet.JspServlet.serviceJspFile(JspServlet.java:386)
	at org.apache.jasper.servlet.JspServlet.service(JspServlet.java:330)
	at javax.servlet.http.HttpServlet.service(HttpServlet.java:742)
	at org.apache.catalina.core.ApplicationFilterChain.internalDoFilter(ApplicationFilterChain.java:231)
	at org.apache.catalina.core.ApplicationFilterChain.doFilter(ApplicationFilterChain.java:166)
	at org.apache.tomcat.websocket.server.WsFilter.doFilter(WsFilter.java:52)
	at org.apache.catalina.core.ApplicationFilterChain.internalDoFilter(ApplicationFilterChain.java:193)
	at org.apache.catalina.core.ApplicationFilterChain.doFilter(ApplicationFilterChain.java:166)
	at org.apache.catalina.core.StandardWrapperValve.invoke(StandardWrapperValve.java:198)
	at org.apache.catalina.core.StandardContextValve.invoke(StandardContextValve.java:96)
	at org.apache.catalina.core.StandardHostValve.invoke(StandardHostValve.java:140)
	at org.apache.catalina.valves.ErrorReportValve.invoke(ErrorReportValve.java:81)
	at org.apache.catalina.valves.AbstractAccessLogValve.invoke(AbstractAccessLogValve.java:650)
	at org.apache.catalina.core.StandardEngineValve.invoke(StandardEngineValve.java:87)
	at org.apache.catalina.ha.session.JvmRouteBinderValve.invoke(JvmRouteBinderValve.java:193)
	at org.apache.catalina.ha.tcp.ReplicationValve.invoke(ReplicationValve.java:322)
	at org.apache.catalina.connector.CoyoteAdapter.service(CoyoteAdapter.java:342)
	at org.apache.coyote.ajp.AjpProcessor.service(AjpProcessor.java:486)
	at org.apache.coyote.AbstractProcessorLight.process(AbstractProcessorLight.java:66)
	at org.apache.coyote.AbstractProtocol$ConnectionHandler.process(AbstractProtocol.java:790)
	at org.apache.tomcat.util.net.NioEndpoint$SocketProcessor.doRun(NioEndpoint.java:1459)
	at org.apache.tomcat.util.net.SocketProcessorBase.run(SocketProcessorBase.java:49)
	at java.base/java.util.concurrent.ThreadPoolExecutor.runWorker(ThreadPoolExecutor.java:1136)
	at java.base/java.util.concurrent.ThreadPoolExecutor$Worker.run(ThreadPoolExecutor.java:635)
	at org.apache.tomcat.util.threads.TaskThread$WrappingRunnable.run(TaskThread.java:61)
	at java.base/java.lang.Thread.run(Thread.java:842)

04-Feb-2025 11:29:38.071 INFO [localhost-startStop-2] org.apache.catalina.core.ApplicationContext.log SessionListener: contextDestroyed()
04-Feb-2025 11:29:38.071 INFO [localhost-startStop-2] org.apache.catalina.core.ApplicationContext.log ContextListener: contextDestroyed()
04-Feb-2025 11:29:41.682 INFO [localhost-startStop-1] org.apache.catalina.core.ApplicationContext.log ContextListener: contextInitialized()
04-Feb-2025 11:29:41.682 INFO [localhost-startStop-1] org.apache.catalina.core.ApplicationContext.log SessionListener: contextInitialized()
04-Feb-2025 12:56:48.709 INFO [localhost-startStop-2] org.apache.catalina.core.ApplicationContext.log SessionListener: contextDestroyed()
04-Feb-2025 12:56:48.709 INFO [localhost-startStop-2] org.apache.catalina.core.ApplicationContext.log ContextListener: contextDestroyed()
04-Feb-2025 12:57:04.270 INFO [localhost-startStop-1] org.apache.catalina.core.ApplicationContext.log ContextListener: contextInitialized()
04-Feb-2025 12:57:04.271 INFO [localhost-startStop-1] org.apache.catalina.core.ApplicationContext.log SessionListener: contextInitialized()
04-Feb-2025 12:59:43.703 INFO [localhost-startStop-2] org.apache.catalina.core.ApplicationContext.log SessionListener: contextDestroyed()
04-Feb-2025 12:59:43.703 INFO [localhost-startStop-2] org.apache.catalina.core.ApplicationContext.log ContextListener: contextDestroyed()
04-Feb-2025 12:59:47.491 INFO [localhost-startStop-1] org.apache.catalina.core.ApplicationContext.log ContextListener: contextInitialized()
04-Feb-2025 12:59:47.491 INFO [localhost-startStop-1] org.apache.catalina.core.ApplicationContext.log SessionListener: contextInitialized()
04-Feb-2025 13:02:22.466 INFO [localhost-startStop-2] org.apache.catalina.core.ApplicationContext.log SessionListener: contextDestroyed()
04-Feb-2025 13:02:22.466 INFO [localhost-startStop-2] org.apache.catalina.core.ApplicationContext.log ContextListener: contextDestroyed()
04-Feb-2025 13:03:30.642 INFO [localhost-startStop-1] org.apache.catalina.core.ApplicationContext.log ContextListener: contextInitialized()
04-Feb-2025 13:03:30.642 INFO [localhost-startStop-1] org.apache.catalina.core.ApplicationContext.log SessionListener: contextInitialized()
04-Feb-2025 13:15:11.603 INFO [localhost-startStop-2] org.apache.catalina.core.ApplicationContext.log SessionListener: contextDestroyed()
04-Feb-2025 13:15:11.603 INFO [localhost-startStop-2] org.apache.catalina.core.ApplicationContext.log ContextListener: contextDestroyed()
04-Feb-2025 13:19:04.683 INFO [localhost-startStop-1] org.apache.catalina.core.ApplicationContext.log ContextListener: contextInitialized()
04-Feb-2025 13:19:04.684 INFO [localhost-startStop-1] org.apache.catalina.core.ApplicationContext.log SessionListener: contextInitialized()
04-Feb-2025 13:20:07.140 INFO [localhost-startStop-2] org.apache.catalina.core.ApplicationContext.log SessionListener: contextDestroyed()
04-Feb-2025 13:20:07.140 INFO [localhost-startStop-2] org.apache.catalina.core.ApplicationContext.log ContextListener: contextDestroyed()
04-Feb-2025 13:26:00.719 INFO [localhost-startStop-1] org.apache.catalina.core.ApplicationContext.log ContextListener: contextInitialized()
04-Feb-2025 13:26:00.719 INFO [localhost-startStop-1] org.apache.catalina.core.ApplicationContext.log SessionListener: contextInitialized()
04-Feb-2025 17:40:13.541 INFO [localhost-startStop-2] org.apache.catalina.core.ApplicationContext.log SessionListener: contextDestroyed()
04-Feb-2025 17:40:13.541 INFO [localhost-startStop-2] org.apache.catalina.core.ApplicationContext.log ContextListener: contextDestroyed()
