31-Jan-2025 08:50:23.245 INFO [ajp-nio-172.26.36.102-8011-exec-24] org.apache.catalina.core.ApplicationContext.log SessionListener: sessionCreated('DB4EC228ACE3D0CAB701D71ED13845C9.tomcat1')
31-Jan-2025 09:21:03.339 INFO [ContainerBackgroundProcessor[StandardEngine[Catalina]]] org.apache.catalina.core.ApplicationContext.log SessionListener: sessionDestroyed('DB4EC228ACE3D0CAB701D71ED13845C9.tomcat1')
31-Jan-2025 09:32:25.092 INFO [ajp-nio-172.26.36.102-8011-exec-28] org.apache.catalina.core.ApplicationContext.log SessionListener: sessionCreated('AF200B5A9B62455B4A0529F4073213B3.tomcat1')
31-Jan-2025 09:32:37.458 INFO [localhost-startStop-2] org.apache.catalina.core.ApplicationContext.log SessionListener: sessionDestroyed('AF200B5A9B62455B4A0529F4073213B3.tomcat1')
31-Jan-2025 09:32:37.458 INFO [localhost-startStop-2] org.apache.catalina.core.ApplicationContext.log SessionListener: contextDestroyed()
31-Jan-2025 09:32:37.458 INFO [localhost-startStop-2] org.apache.catalina.core.ApplicationContext.log ContextListener: contextDestroyed()
31-Jan-2025 09:32:54.967 INFO [localhost-startStop-1] org.apache.catalina.core.ApplicationContext.log ContextListener: contextInitialized()
31-Jan-2025 09:32:54.967 INFO [localhost-startStop-1] org.apache.catalina.core.ApplicationContext.log SessionListener: contextInitialized()
31-Jan-2025 09:32:54.974 INFO [Tribes-Task-Receiver[Catalina-Channel]-5] org.apache.catalina.core.ApplicationContext.log SessionListener: sessionCreated('AF200B5A9B62455B4A0529F4073213B3.tomcat2')
31-Jan-2025 09:40:22.648 INFO [ajp-nio-172.26.36.102-8011-exec-3] org.apache.catalina.core.ApplicationContext.log SessionListener: attributeAdded('AF200B5A9B62455B4A0529F4073213B3.tomcat1', 'yonggyu', 'hi')
31-Jan-2025 09:40:36.783 INFO [ajp-nio-172.26.36.102-8011-exec-4] org.apache.catalina.core.ApplicationContext.log SessionListener: attributeReplaced('AF200B5A9B62455B4A0529F4073213B3.tomcat1', 'yonggyu', 'hi')
31-Jan-2025 09:40:45.577 INFO [ajp-nio-172.26.36.102-8011-exec-5] org.apache.catalina.core.ApplicationContext.log SessionListener: attributeReplaced('AF200B5A9B62455B4A0529F4073213B3.tomcat1', 'yonggyu', 'hi')
31-Jan-2025 09:40:58.584 INFO [ajp-nio-172.26.36.102-8011-exec-6] org.apache.catalina.core.ApplicationContext.log SessionListener: attributeAdded('AF200B5A9B62455B4A0529F4073213B3.tomcat1', 'foo', 'bar')
31-Jan-2025 09:40:59.870 INFO [ajp-nio-172.26.36.102-8011-exec-7] org.apache.catalina.core.ApplicationContext.log SessionListener: attributeReplaced('AF200B5A9B62455B4A0529F4073213B3.tomcat1', 'foo', 'bar')
31-Jan-2025 09:41:11.800 INFO [localhost-startStop-2] org.apache.catalina.core.ApplicationContext.log SessionListener: sessionDestroyed('AF200B5A9B62455B4A0529F4073213B3.tomcat1')
31-Jan-2025 09:41:11.800 INFO [localhost-startStop-2] org.apache.catalina.core.ApplicationContext.log SessionListener: attributeRemoved('AF200B5A9B62455B4A0529F4073213B3.tomcat1', 'foo', 'bar')
31-Jan-2025 09:41:11.801 INFO [localhost-startStop-2] org.apache.catalina.core.ApplicationContext.log SessionListener: attributeRemoved('AF200B5A9B62455B4A0529F4073213B3.tomcat1', 'yonggyu', 'hi')
31-Jan-2025 09:41:11.801 INFO [localhost-startStop-2] org.apache.catalina.core.ApplicationContext.log SessionListener: contextDestroyed()
31-Jan-2025 09:41:11.801 INFO [localhost-startStop-2] org.apache.catalina.core.ApplicationContext.log ContextListener: contextDestroyed()
31-Jan-2025 09:41:27.827 INFO [localhost-startStop-1] org.apache.catalina.core.ApplicationContext.log ContextListener: contextInitialized()
31-Jan-2025 09:41:27.827 INFO [localhost-startStop-1] org.apache.catalina.core.ApplicationContext.log SessionListener: contextInitialized()
31-Jan-2025 09:41:30.540 INFO [Tribes-Task-Receiver[Catalina-Channel]-5] org.apache.catalina.core.ApplicationContext.log SessionListener: sessionCreated('229CFBCC5F44D6DBF93719803D9F4733.tomcat2')
31-Jan-2025 09:41:30.540 INFO [Tribes-Task-Receiver[Catalina-Channel]-6] org.apache.catalina.core.ApplicationContext.log SessionListener: attributeAdded('229CFBCC5F44D6DBF93719803D9F4733.tomcat2', 'foo', 'bar')
31-Jan-2025 09:41:31.852 INFO [Tribes-Task-Receiver[Catalina-Channel]-1] org.apache.catalina.core.ApplicationContext.log SessionListener: attributeReplaced('229CFBCC5F44D6DBF93719803D9F4733.tomcat2', 'foo', 'bar')
31-Jan-2025 09:41:33.248 INFO [Tribes-Task-Receiver[Catalina-Channel]-2] org.apache.catalina.core.ApplicationContext.log SessionListener: attributeReplaced('229CFBCC5F44D6DBF93719803D9F4733.tomcat2', 'foo', 'bar')
31-Jan-2025 09:45:08.608 INFO [Tribes-Task-Receiver[Catalina-Channel]-3] org.apache.catalina.core.ApplicationContext.log SessionListener: attributeAdded('229CFBCC5F44D6DBF93719803D9F4733.tomcat2', 'yonggyu', 'hi')
31-Jan-2025 09:45:20.168 INFO [ajp-nio-172.26.36.102-8011-exec-1] org.apache.catalina.core.ApplicationContext.log SessionListener: attributeReplaced('229CFBCC5F44D6DBF93719803D9F4733.tomcat1', 'yonggyu', 'hi')
31-Jan-2025 09:45:42.834 INFO [ajp-nio-172.26.36.102-8011-exec-3] org.apache.catalina.core.ApplicationContext.log SessionListener: attributeReplaced('229CFBCC5F44D6DBF93719803D9F4733.tomcat1', 'yonggyu', 'hi')
31-Jan-2025 09:46:53.198 INFO [Tribes-Task-Receiver[Catalina-Channel]-3] org.apache.catalina.core.ApplicationContext.log SessionListener: sessionCreated('0521E5A36B0FF9314FE8B81A991E9835.tomcat2')
31-Jan-2025 09:46:53.203 INFO [Tribes-Task-Receiver[Catalina-Channel]-4] org.apache.catalina.core.ApplicationContext.log SessionListener: attributeAdded('0521E5A36B0FF9314FE8B81A991E9835.tomcat2', 'yonggyu', 'hi')
31-Jan-2025 09:46:55.010 INFO [Tribes-Task-Receiver[Catalina-Channel]-5] org.apache.catalina.core.ApplicationContext.log SessionListener: attributeReplaced('0521E5A36B0FF9314FE8B81A991E9835.tomcat2', 'yonggyu', 'hi')
31-Jan-2025 09:47:13.777 INFO [localhost-startStop-2] org.apache.catalina.core.ApplicationContext.log SessionListener: sessionDestroyed('0521E5A36B0FF9314FE8B81A991E9835.tomcat2')
31-Jan-2025 09:47:13.777 INFO [localhost-startStop-2] org.apache.catalina.core.ApplicationContext.log SessionListener: attributeRemoved('0521E5A36B0FF9314FE8B81A991E9835.tomcat2', 'yonggyu', 'hi')
31-Jan-2025 09:47:13.777 INFO [localhost-startStop-2] org.apache.catalina.core.ApplicationContext.log SessionListener: sessionDestroyed('229CFBCC5F44D6DBF93719803D9F4733.tomcat1')
31-Jan-2025 09:47:13.777 INFO [localhost-startStop-2] org.apache.catalina.core.ApplicationContext.log SessionListener: attributeRemoved('229CFBCC5F44D6DBF93719803D9F4733.tomcat1', 'foo', 'bar')
31-Jan-2025 09:47:13.777 INFO [localhost-startStop-2] org.apache.catalina.core.ApplicationContext.log SessionListener: attributeRemoved('229CFBCC5F44D6DBF93719803D9F4733.tomcat1', 'yonggyu', 'hi')
31-Jan-2025 09:47:13.778 INFO [localhost-startStop-2] org.apache.catalina.core.ApplicationContext.log SessionListener: contextDestroyed()
31-Jan-2025 09:47:13.778 INFO [localhost-startStop-2] org.apache.catalina.core.ApplicationContext.log ContextListener: contextDestroyed()
31-Jan-2025 09:47:24.085 INFO [localhost-startStop-1] org.apache.catalina.core.ApplicationContext.log ContextListener: contextInitialized()
31-Jan-2025 09:47:24.085 INFO [localhost-startStop-1] org.apache.catalina.core.ApplicationContext.log SessionListener: contextInitialized()
31-Jan-2025 09:47:26.274 INFO [Tribes-Task-Receiver[Catalina-Channel]-5] org.apache.catalina.core.ApplicationContext.log SessionListener: sessionCreated('6BEB1973C5F3AC0C02002D17C2E18D69.tomcat2')
31-Jan-2025 09:47:26.275 INFO [Tribes-Task-Receiver[Catalina-Channel]-6] org.apache.catalina.core.ApplicationContext.log SessionListener: attributeAdded('6BEB1973C5F3AC0C02002D17C2E18D69.tomcat2', 'yonggyu', 'hi')
31-Jan-2025 09:47:27.602 INFO [Tribes-Task-Receiver[Catalina-Channel]-1] org.apache.catalina.core.ApplicationContext.log SessionListener: attributeReplaced('6BEB1973C5F3AC0C02002D17C2E18D69.tomcat2', 'yonggyu', 'hi')
31-Jan-2025 09:47:28.114 INFO [Tribes-Task-Receiver[Catalina-Channel]-2] org.apache.catalina.core.ApplicationContext.log SessionListener: attributeReplaced('6BEB1973C5F3AC0C02002D17C2E18D69.tomcat2', 'yonggyu', 'hi')
31-Jan-2025 09:47:41.783 INFO [localhost-startStop-2] org.apache.catalina.core.ApplicationContext.log SessionListener: sessionDestroyed('6BEB1973C5F3AC0C02002D17C2E18D69.tomcat2')
31-Jan-2025 09:47:41.783 INFO [localhost-startStop-2] org.apache.catalina.core.ApplicationContext.log SessionListener: attributeRemoved('6BEB1973C5F3AC0C02002D17C2E18D69.tomcat2', 'yonggyu', 'hi')
31-Jan-2025 09:47:41.783 INFO [localhost-startStop-2] org.apache.catalina.core.ApplicationContext.log SessionListener: contextDestroyed()
31-Jan-2025 09:47:41.783 INFO [localhost-startStop-2] org.apache.catalina.core.ApplicationContext.log ContextListener: contextDestroyed()
31-Jan-2025 09:47:53.577 INFO [localhost-startStop-1] org.apache.catalina.core.ApplicationContext.log ContextListener: contextInitialized()
31-Jan-2025 09:47:53.577 INFO [localhost-startStop-1] org.apache.catalina.core.ApplicationContext.log SessionListener: contextInitialized()
31-Jan-2025 09:47:56.466 INFO [Tribes-Task-Receiver[Catalina-Channel]-5] org.apache.catalina.core.ApplicationContext.log SessionListener: sessionCreated('3D2126FC5397E55D5FFBB83576766BE3.tomcat2')
31-Jan-2025 09:47:56.467 INFO [Tribes-Task-Receiver[Catalina-Channel]-6] org.apache.catalina.core.ApplicationContext.log SessionListener: attributeAdded('3D2126FC5397E55D5FFBB83576766BE3.tomcat2', 'yonggyu', 'hi')
31-Jan-2025 09:47:57.200 INFO [Tribes-Task-Receiver[Catalina-Channel]-1] org.apache.catalina.core.ApplicationContext.log SessionListener: attributeReplaced('3D2126FC5397E55D5FFBB83576766BE3.tomcat2', 'yonggyu', 'hi')
31-Jan-2025 09:47:58.789 INFO [Tribes-Task-Receiver[Catalina-Channel]-2] org.apache.catalina.core.ApplicationContext.log SessionListener: attributeReplaced('3D2126FC5397E55D5FFBB83576766BE3.tomcat2', 'yonggyu', 'hi')
31-Jan-2025 09:47:58.996 INFO [Tribes-Task-Receiver[Catalina-Channel]-3] org.apache.catalina.core.ApplicationContext.log SessionListener: attributeReplaced('3D2126FC5397E55D5FFBB83576766BE3.tomcat2', 'yonggyu', 'hi')
31-Jan-2025 09:47:59.181 INFO [Tribes-Task-Receiver[Catalina-Channel]-4] org.apache.catalina.core.ApplicationContext.log SessionListener: attributeReplaced('3D2126FC5397E55D5FFBB83576766BE3.tomcat2', 'yonggyu', 'hi')
31-Jan-2025 09:47:59.361 INFO [Tribes-Task-Receiver[Catalina-Channel]-5] org.apache.catalina.core.ApplicationContext.log SessionListener: attributeReplaced('3D2126FC5397E55D5FFBB83576766BE3.tomcat2', 'yonggyu', 'hi')
31-Jan-2025 09:47:59.547 INFO [Tribes-Task-Receiver[Catalina-Channel]-6] org.apache.catalina.core.ApplicationContext.log SessionListener: attributeReplaced('3D2126FC5397E55D5FFBB83576766BE3.tomcat2', 'yonggyu', 'hi')
31-Jan-2025 09:47:59.726 INFO [Tribes-Task-Receiver[Catalina-Channel]-1] org.apache.catalina.core.ApplicationContext.log SessionListener: attributeReplaced('3D2126FC5397E55D5FFBB83576766BE3.tomcat2', 'yonggyu', 'hi')
31-Jan-2025 09:51:33.135 INFO [localhost-startStop-2] org.apache.catalina.core.ApplicationContext.log SessionListener: sessionDestroyed('3D2126FC5397E55D5FFBB83576766BE3.tomcat1')
31-Jan-2025 09:51:33.135 INFO [localhost-startStop-2] org.apache.catalina.core.ApplicationContext.log SessionListener: attributeRemoved('3D2126FC5397E55D5FFBB83576766BE3.tomcat1', 'yonggyu', 'hi')
31-Jan-2025 09:51:33.135 INFO [localhost-startStop-2] org.apache.catalina.core.ApplicationContext.log SessionListener: contextDestroyed()
31-Jan-2025 09:51:33.135 INFO [localhost-startStop-2] org.apache.catalina.core.ApplicationContext.log ContextListener: contextDestroyed()
31-Jan-2025 09:52:05.262 INFO [localhost-startStop-1] org.apache.catalina.core.ApplicationContext.log ContextListener: contextInitialized()
31-Jan-2025 09:52:05.262 INFO [localhost-startStop-1] org.apache.catalina.core.ApplicationContext.log SessionListener: contextInitialized()
31-Jan-2025 09:52:05.396 INFO [ajp-nio-172.26.36.102-8011-exec-1] org.apache.catalina.core.ApplicationContext.log SessionListener: sessionCreated('CFC71F741C7594B830F2132341D98C98.tomcat1')
31-Jan-2025 09:52:59.991 INFO [ajp-nio-172.26.36.102-8011-exec-5] org.apache.catalina.core.ApplicationContext.log SessionListener: attributeAdded('CFC71F741C7594B830F2132341D98C98.tomcat1', 'yonggyu', 'hi')
31-Jan-2025 09:53:05.742 INFO [localhost-startStop-2] org.apache.catalina.core.ApplicationContext.log SessionListener: sessionDestroyed('CFC71F741C7594B830F2132341D98C98.tomcat1')
31-Jan-2025 09:53:05.742 INFO [localhost-startStop-2] org.apache.catalina.core.ApplicationContext.log SessionListener: attributeRemoved('CFC71F741C7594B830F2132341D98C98.tomcat1', 'yonggyu', 'hi')
31-Jan-2025 09:53:05.742 INFO [localhost-startStop-2] org.apache.catalina.core.ApplicationContext.log SessionListener: contextDestroyed()
31-Jan-2025 09:53:05.742 INFO [localhost-startStop-2] org.apache.catalina.core.ApplicationContext.log ContextListener: contextDestroyed()
